Vivado Simulator 2019.1
Copyright 1986-1999, 2001-2019 Xilinx, Inc. All Rights Reserved.
Running: C:/Xilinx/Vivado/2019.1/bin/unwrapped/win64.o/xelab.exe -wto a8de33eebf8242278af4a06abdd363ee --incr --debug typical --relax --mt 2 -L xil_defaultlib -L secureip --snapshot TopLevel_func_synth xil_defaultlib.TopLevel -log elaborate.log 
Using 2 slave threads.
Starting static elaboration
Completed static elaboration
Starting simulation data flow analysis
Completed simulation data flow analysis
Time Resolution for simulation is 1ps
Compiling package std.standard
Compiling package std.textio
Compiling package ieee.std_logic_1164
Compiling package ieee.numeric_std
Compiling package unisim.vcomponents
Compiling package ieee.vital_timing
Compiling package ieee.vital_primitives
Compiling package unisim.vpkg
Compiling architecture lut4_v of entity unisim.LUT4 [\LUT4(init="0001011000011110")(0...]
Compiling architecture lut4_v of entity unisim.LUT4 [\LUT4(init="0001001100001101")(0...]
Compiling architecture lut4_v of entity unisim.LUT4 [\LUT4(init="0001000000010011")(0...]
Compiling architecture lut4_v of entity unisim.LUT4 [\LUT4(init="0001010001011011")(0...]
Compiling architecture lut4_v of entity unisim.LUT4 [\LUT4(init="0011001000111111")(0...]
Compiling architecture lut4_v of entity unisim.LUT4 [\LUT4(init="0000001110011111")(0...]
Compiling architecture lut4_v of entity unisim.LUT4 [\LUT4(init="0000001111111001")(0...]
Compiling architecture lut5_v of entity unisim.LUT5 [\LUT5(init="00010101010101011010...]
Compiling architecture lut5_v of entity unisim.LUT5 [\LUT5(init="10001011111010011111...]
Compiling architecture lut6_v of entity unisim.LUT6 [\LUT6(init="00001010111111000000...]
Compiling architecture lut6_v of entity unisim.LUT6 [\LUT6(init="00000000111111110000...]
Compiling architecture lut6_v of entity unisim.LUT6 [\LUT6(init="11001100110011001110...]
Compiling architecture lut6_v of entity unisim.LUT6 [\LUT6(init="00000000000000000000...]
Compiling architecture lut6_v of entity unisim.LUT6 [\LUT6(init="01001111001011011011...]
Compiling architecture lut6_v of entity unisim.LUT6 [\LUT6(init="01010110011001010101...]
Compiling architecture lut5_v of entity unisim.LUT5 [\LUT5(init="00100010101010101010...]
Compiling architecture lut5_v of entity unisim.LUT5 [\LUT5(init="01010101110101000000...]
Compiling architecture carry4_v of entity unisim.CARRY4 [carry4_default]
Compiling architecture lut2_v of entity unisim.LUT2 [\LUT2(init="1011")(0,3)\]
Compiling architecture lut2_v of entity unisim.LUT2 [\LUT2(init="1110")(0,3)\]
Compiling architecture lut3_v of entity unisim.LUT3 [\LUT3(init="11001001")(0,7)\]
Compiling architecture lut2_v of entity unisim.LUT2 [\LUT2(init="0110")(0,3)\]
Compiling architecture lut1_v of entity unisim.LUT1 [\LUT1(init="0001")(0,3)\]
Compiling architecture lut2_v of entity unisim.LUT2 [\LUT2(init="1001")(0,3)\]
Compiling architecture structure of entity xil_defaultlib.BinaryToTime [binarytotime_default]
Compiling architecture bufg_v of entity unisim.BUFG [bufg_default]
Compiling architecture ibuf_v of entity unisim.IBUF [\IBUF(1,9)(1,1)(1,4)(1,7)\]
Compiling architecture lut2_v of entity unisim.LUT2 [\LUT2(init="0010")(0,3)\]
Compiling architecture lut3_v of entity unisim.LUT3 [\LUT3(init="11100000")(0,7)\]
Compiling architecture lut6_v of entity unisim.LUT6 [\LUT6(init="11111111111111111111...]
Compiling architecture lut6_v of entity unisim.LUT6 [\LUT6(init="11111111111111111111...]
Compiling architecture lut4_v of entity unisim.LUT4 [\LUT4(init="1111111111111110")(0...]
Compiling architecture lut5_v of entity unisim.LUT5 [\LUT5(init="11111111111111111111...]
Compiling architecture lut4_v of entity unisim.LUT4 [\LUT4(init="1101111111111111")(0...]
Compiling architecture lut4_v of entity unisim.LUT4 [\LUT4(init="1111111111110111")(0...]
Compiling architecture fdce_v of entity unisim.FDCE [fdce_default]
Compiling architecture lut3_v of entity unisim.LUT3 [\LUT3(init="11100001")(0,7)\]
Compiling architecture structure of entity xil_defaultlib.ClockDivider [clockdivider_default]
Compiling architecture lut4_v of entity unisim.LUT4 [\LUT4(init="0000000001000000")(0...]
Compiling architecture lut2_v of entity unisim.LUT2 [\LUT2(init="0111")(0,3)\]
Compiling architecture structure of entity xil_defaultlib.Counter [counter_default]
Compiling architecture obuf_v of entity unisim.OBUF [\OBUF(1,9)(1,7)(1,4)\]
Compiling architecture structure of entity xil_defaultlib.toplevel
Built simulation snapshot TopLevel_func_synth
